<?xml version="1.0" encoding="UTF-8"?>
<testsuite name="com.dobidan.bandeutseolap.BandeutseolapApplicationTests" tests="1" skipped="0" failures="0" errors="0" timestamp="2025-08-18T12:37:57.832Z" hostname="LAPTOP-PGJ61QN7" time="1.539">
  <properties/>
  <testcase name="contextLoads()" classname="com.dobidan.bandeutseolap.BandeutseolapApplicationTests" time="1.539"/>
  <system-out><![CDATA[21:37:53.652 [Test worker] INFO org.springframework.test.context.support.AnnotationConfigContextLoaderUtils -- Could not detect default configuration classes for test class [com.dobidan.bandeutseolap.BandeutseolapApplicationTests]: BandeutseolapApplicationTests does not declare any static, non-private, non-final, nested classes annotated with @Configuration.
21:37:53.908 [Test worker] INFO org.springframework.boot.test.context.SpringBootTestContextBootstrapper -- Found @SpringBootConfiguration com.dobidan.bandeutseolap.BandeutseolapApplication for test class com.dobidan.bandeutseolap.BandeutseolapApplicationTests

  .   ____          _            __ _ _
 /\\ / ___'_ __ _ _(_)_ __  __ _ \ \ \ \
( ( )\___ | '_ | '_| | '_ \/ _` | \ \ \ \
 \\/  ___)| |_)| | | | | || (_| |  ) ) ) )
  '  |____| .__|_| |_|_| |_\__, | / / / /
 =========|_|==============|___/=/_/_/_/

 :: Spring Boot ::                (v3.5.4)

2025-08-18T21:37:55.208+09:00  INFO 15264 --- [bandeutseolap] [    Test worker] c.d.b.BandeutseolapApplicationTests      : Starting BandeutseolapApplicationTests using Java 17.0.12 with PID 15264 (started by User in C:\Users\User\IdeaProjects\bandeutseolap\backend)
2025-08-18T21:37:55.212+09:00  INFO 15264 --- [bandeutseolap] [    Test worker] c.d.b.BandeutseolapApplicationTests      : No active profile set, falling back to 1 default profile: "default"
2025-08-18T21:37:57.215+09:00  INFO 15264 --- [bandeutseolap] [    Test worker] o.s.b.a.w.s.WelcomePageHandlerMapping    : Adding welcome page: class path resource [static/index.html]
2025-08-18T21:37:57.776+09:00  INFO 15264 --- [bandeutseolap] [    Test worker] c.d.b.BandeutseolapApplicationTests      : Started BandeutseolapApplicationTests in 3.506 seconds (process running for 7.153)
]]></system-out>
  <system-err><![CDATA[]]></system-err>
</testsuite>
